Grammar

    0 $accept: line_list $end

    1 line_list: line
    2          | line_list line

    3 line: expression CR
    4     | error CR

    5 expression: term
    6           | expression ADD term
    7           | expression SUB term

    8 term: primary_expression
    9     | term MUL primary_expression
   10     | term DIV primary_expression

   11 primary_expression: DOUBLE_LITERAL
   12                   | SUB primary_expression
   13                   | LP expression RP
   14                   | ADD primary_expression


Terminals, with rules where they appear

$end (0) 0
error (256) 4
DOUBLE_LITERAL (258) 11
ADD (259) 6 14
SUB (260) 7 12
MUL (261) 9
DIV (262) 10
CR (263) 3 4
LP (264) 13
RP (265) 13


Nonterminals, with rules where they appear

$accept (11)
    on left: 0
line_list (12)
    on left: 1 2, on right: 0 2
line (13)
    on left: 3 4, on right: 1 2
expression (14)
    on left: 5 6 7, on right: 3 6 7 13
term (15)
    on left: 8 9 10, on right: 5 6 7 9 10
primary_expression (16)
    on left: 11 12 13 14, on right: 8 9 10 12 14


state 0

    0 $accept: . line_list $end

    error           shift, and go to state 1
    DOUBLE_LITERAL  shift, and go to state 2
    ADD             shift, and go to state 3
    SUB             shift, and go to state 4
    LP              shift, and go to state 5

    line_list           go to state 6
    line                go to state 7
    expression          go to state 8
    term                go to state 9
    primary_expression  go to state 10


state 1

    4 line: error . CR

    CR  shift, and go to state 11


state 2

   11 primary_expression: DOUBLE_LITERAL .

    $default  reduce using rule 11 (primary_expression)


state 3

   14 primary_expression: ADD . primary_expression

    DOUBLE_LITERAL  shift, and go to state 2
    ADD             shift, and go to state 3
    SUB             shift, and go to state 4
    LP              shift, and go to state 5

    primary_expression  go to state 12


state 4

   12 primary_expression: SUB . primary_expression

    DOUBLE_LITERAL  shift, and go to state 2
    ADD             shift, and go to state 3
    SUB             shift, and go to state 4
    LP              shift, and go to state 5

    primary_expression  go to state 13


state 5

   13 primary_expression: LP . expression RP

    DOUBLE_LITERAL  shift, and go to state 2
    ADD             shift, and go to state 3
    SUB             shift, and go to state 4
    LP              shift, and go to state 5

    expression          go to state 14
    term                go to state 9
    primary_expression  go to state 10


state 6

    0 $accept: line_list . $end
    2 line_list: line_list . line

    $end            shift, and go to state 15
    error           shift, and go to state 1
    DOUBLE_LITERAL  shift, and go to state 2
    ADD             shift, and go to state 3
    SUB             shift, and go to state 4
    LP              shift, and go to state 5

    line                go to state 16
    expression          go to state 8
    term                go to state 9
    primary_expression  go to state 10


state 7

    1 line_list: line .

    $default  reduce using rule 1 (line_list)


state 8

    3 line: expression . CR
    6 expression: expression . ADD term
    7           | expression . SUB term

    ADD  shift, and go to state 17
    SUB  shift, and go to state 18
    CR   shift, and go to state 19


state 9

    5 expression: term .
    9 term: term . MUL primary_expression
   10     | term . DIV primary_expression

    MUL  shift, and go to state 20
    DIV  shift, and go to state 21

    $default  reduce using rule 5 (expression)


state 10

    8 term: primary_expression .

    $default  reduce using rule 8 (term)


state 11

    4 line: error CR .

    $default  reduce using rule 4 (line)


state 12

   14 primary_expression: ADD primary_expression .

    $default  reduce using rule 14 (primary_expression)


state 13

   12 primary_expression: SUB primary_expression .

    $default  reduce using rule 12 (primary_expression)


state 14

    6 expression: expression . ADD term
    7           | expression . SUB term
   13 primary_expression: LP expression . RP

    ADD  shift, and go to state 17
    SUB  shift, and go to state 18
    RP   shift, and go to state 22


state 15

    0 $accept: line_list $end .

    $default  accept


state 16

    2 line_list: line_list line .

    $default  reduce using rule 2 (line_list)


state 17

    6 expression: expression ADD . term

    DOUBLE_LITERAL  shift, and go to state 2
    ADD             shift, and go to state 3
    SUB             shift, and go to state 4
    LP              shift, and go to state 5

    term                go to state 23
    primary_expression  go to state 10


state 18

    7 expression: expression SUB . term

    DOUBLE_LITERAL  shift, and go to state 2
    ADD             shift, and go to state 3
    SUB             shift, and go to state 4
    LP              shift, and go to state 5

    term                go to state 24
    primary_expression  go to state 10


state 19

    3 line: expression CR .

    $default  reduce using rule 3 (line)


state 20

    9 term: term MUL . primary_expression

    DOUBLE_LITERAL  shift, and go to state 2
    ADD             shift, and go to state 3
    SUB             shift, and go to state 4
    LP              shift, and go to state 5

    primary_expression  go to state 25


state 21

   10 term: term DIV . primary_expression

    DOUBLE_LITERAL  shift, and go to state 2
    ADD             shift, and go to state 3
    SUB             shift, and go to state 4
    LP              shift, and go to state 5

    primary_expression  go to state 26


state 22

   13 primary_expression: LP expression RP .

    $default  reduce using rule 13 (primary_expression)


state 23

    6 expression: expression ADD term .
    9 term: term . MUL primary_expression
   10     | term . DIV primary_expression

    MUL  shift, and go to state 20
    DIV  shift, and go to state 21

    $default  reduce using rule 6 (expression)


state 24

    7 expression: expression SUB term .
    9 term: term . MUL primary_expression
   10     | term . DIV primary_expression

    MUL  shift, and go to state 20
    DIV  shift, and go to state 21

    $default  reduce using rule 7 (expression)


state 25

    9 term: term MUL primary_expression .

    $default  reduce using rule 9 (term)


state 26

   10 term: term DIV primary_expression .

    $default  reduce using rule 10 (term)
